2026-03-07 11:20:34 - fund_analysis - INFO - 持仓文件不存在，将创建新文件
2026-03-07 11:20:34 - fund_analysis - INFO - FundAnalyzer初始化完成
2026-03-07 11:21:01 - fund_analysis - INFO - 持仓文件不存在，将创建新文件
2026-03-07 11:21:01 - fund_analysis - INFO - FundAnalyzer初始化完成
2026-03-07 11:21:01 - fund_analysis - INFO - 持仓已保存（共 1 条）
2026-03-07 11:21:01 - fund_analysis - INFO - 新增持仓: 017043 广发中证A500ETF联接C
2026-03-07 11:21:02 - fund_analysis - INFO - 已加载 1 条持仓记录
2026-03-07 11:21:02 - fund_analysis - INFO - FundAnalyzer初始化完成
2026-03-07 11:21:35 - fund_analysis - INFO - 已加载 1 条持仓记录
2026-03-07 11:21:35 - fund_analysis - INFO - FundAnalyzer初始化完成
2026-03-07 11:21:35 - fund_analysis - INFO - 开始分析基金: 017043
2026-03-07 11:21:35 - fund_analysis - INFO - 获取基金基础信息: 017043
2026-03-07 11:21:35 - fund_analysis - INFO - 获取实时行情: 017043
2026-03-07 11:21:35 - fund_analysis - INFO - 获取净值历史: 017043, 天数: 365
2026-03-07 11:21:35 - fund_analysis - INFO - 获取持仓数据: 017043
2026-03-07 11:21:35 - fund_analysis - INFO - 获取基金经理信息: 017043
2026-03-07 11:21:35 - fund_analysis - INFO - 获取业绩数据: 017043
2026-03-07 11:21:36 - fund_analysis - ERROR - 获取基金经理信息失败 017043: 无基金经理信息
2026-03-07 11:21:36 - fund_analysis - WARNING - 获取manager失败: 无基金经理信息
2026-03-07 11:21:36 - fund_analysis - INFO - 获取performance成功
2026-03-07 11:21:36 - fund_analysis - INFO - 获取holding成功
2026-03-07 11:21:36 - fund_analysis - WARNING - 获取第1页净值历史失败: 'list'
2026-03-07 11:21:36 - fund_analysis - INFO - 获取nav_history成功
2026-03-07 11:21:36 - fund_analysis - ERROR - 获取实时行情失败 017043: 'quote'
2026-03-07 11:21:36 - fund_analysis - WARNING - 获取quote失败: 'quote'
2026-03-07 11:21:36 - fund_analysis - INFO - 获取basic_info成功
2026-03-07 11:21:36 - fund_analysis - INFO - holding分析完成
2026-03-07 11:21:36 - fund_analysis - INFO - performance分析完成
2026-03-07 11:21:36 - fund_analysis - INFO - sentiment分析完成
2026-03-07 11:21:36 - fund_analysis - INFO - 基金 017043 分析完成
2026-03-07 11:21:36 - fund_analysis - INFO - 报告已保存到: /Users/weijiahao03/AI/AI_workshop/.catpaw/skills/skills-market/fund-analysis/scripts/../examples/fund_analysis_017043_20260307_112136.md
2026-03-07 11:22:50 - fund_analysis - INFO - 持仓文件不存在，将创建新文件
2026-03-07 11:22:50 - fund_analysis - INFO - FundAnalyzer初始化完成
2026-03-07 11:22:50 - fund_analysis - INFO - 开始分析基金: 017043
2026-03-07 11:22:50 - fund_analysis - INFO - 获取基金基础信息: 017043
2026-03-07 11:22:50 - fund_analysis - INFO - 获取实时行情: 017043
2026-03-07 11:22:50 - fund_analysis - INFO - 获取净值历史: 017043, 天数: 365
2026-03-07 11:22:50 - fund_analysis - INFO - 获取持仓数据: 017043
2026-03-07 11:22:50 - fund_analysis - INFO - 获取基金经理信息: 017043
2026-03-07 11:22:50 - fund_analysis - INFO - 获取业绩数据: 017043
2026-03-07 11:22:50 - fund_analysis - INFO - 获取performance成功
2026-03-07 11:22:50 - fund_analysis - INFO - 获取holding成功
2026-03-07 11:22:50 - fund_analysis - INFO - 获取basic_info成功
2026-03-07 11:22:50 - fund_analysis - ERROR - 获取基金经理信息失败 017043: 无基金经理信息
2026-03-07 11:22:50 - fund_analysis - WARNING - 获取manager失败: 无基金经理信息
2026-03-07 11:22:50 - fund_analysis - WARNING - 获取第1页净值历史失败: 'list'
2026-03-07 11:22:50 - fund_analysis - ERROR - 获取实时行情失败 017043: 'quote'
2026-03-07 11:22:50 - fund_analysis - INFO - 获取nav_history成功
2026-03-07 11:22:50 - fund_analysis - WARNING - 获取quote失败: 'quote'
2026-03-07 11:22:50 - fund_analysis - INFO - sentiment分析完成
2026-03-07 11:22:50 - fund_analysis - INFO - holding分析完成
2026-03-07 11:22:50 - fund_analysis - INFO - performance分析完成
2026-03-07 11:22:50 - fund_analysis - INFO - 基金 017043 分析完成
2026-03-07 11:22:50 - fund_analysis - INFO - 报告已保存到: /Users/weijiahao03/AI/AI_workshop/.catpaw/skills/skills-market/fund-analysis/scripts/../examples/fund_analysis_017043_20260307_112250.md
2026-03-07 11:28:40 - fund_analysis - INFO - 持仓文件不存在，将创建新文件
2026-03-07 11:28:40 - fund_analysis - INFO - FundAnalyzer初始化完成
2026-03-07 11:28:40 - fund_analysis - INFO - 开始分析基金: 017043
2026-03-07 11:28:40 - fund_analysis - INFO - 获取基金基础信息: 017043
2026-03-07 11:28:40 - fund_analysis - INFO - 获取实时行情: 017043
2026-03-07 11:28:40 - fund_analysis - INFO - 获取净值历史: 017043, 天数: 365
2026-03-07 11:28:40 - fund_analysis - INFO - 获取持仓数据: 017043
2026-03-07 11:28:40 - fund_analysis - INFO - 获取基金经理信息: 017043
2026-03-07 11:28:40 - fund_analysis - INFO - 获取业绩数据: 017043
2026-03-07 11:28:41 - fund_analysis - INFO - 获取quote成功
2026-03-07 11:28:41 - fund_analysis - ERROR - 获取基金经理信息失败 017043: 1 validation error for ManagerInfo
fund_count
  Input should be a valid integer, got a number with a fractional part [type=int_from_float, input_value=18.43, input_type=float]
    For further information visit https://errors.pydantic.dev/2.12/v/int_from_float
2026-03-07 11:28:41 - fund_analysis - WARNING - 获取manager失败: 1 validation error for ManagerInfo
fund_count
  Input should be a valid integer, got a number with a fractional part [type=int_from_float, input_value=18.43, input_type=float]
    For further information visit https://errors.pydantic.dev/2.12/v/int_from_float
2026-03-07 11:28:41 - fund_analysis - INFO - 获取performance成功
2026-03-07 11:28:41 - fund_analysis - INFO - 获取holding成功
2026-03-07 11:28:41 - fund_analysis - INFO - 获取basic_info成功
2026-03-07 11:28:45 - fund_analysis - INFO - 获取nav_history成功
2026-03-07 11:28:45 - fund_analysis - INFO - holding分析完成
2026-03-07 11:28:45 - fund_analysis - INFO - technical分析完成
2026-03-07 11:28:45 - fund_analysis - INFO - performance分析完成
2026-03-07 11:28:45 - fund_analysis - INFO - sentiment分析完成
2026-03-07 11:28:45 - fund_analysis - INFO - 基金 017043 分析完成
2026-03-07 11:28:45 - fund_analysis - INFO - 报告已保存到: /Users/weijiahao03/AI/AI_workshop/.catpaw/skills/skills-market/fund-analysis/scripts/../examples/fund_analysis_017043_20260307_112845.md
2026-03-07 11:50:45 - fund_analysis - INFO - 持仓文件不存在，将创建新文件
2026-03-07 11:50:45 - fund_analysis - INFO - FundAnalyzer初始化完成
2026-03-07 11:50:45 - fund_analysis - INFO - 开始分析基金: 017043
2026-03-07 11:50:45 - fund_analysis - INFO - 获取基金基础信息: 017043
2026-03-07 11:50:45 - fund_analysis - INFO - 获取实时行情: 017043
2026-03-07 11:50:45 - fund_analysis - INFO - 获取净值历史: 017043, 天数: 365
2026-03-07 11:50:45 - fund_analysis - INFO - 获取持仓数据: 017043
2026-03-07 11:50:45 - fund_analysis - INFO - 获取基金经理信息: 017043
2026-03-07 11:50:45 - fund_analysis - INFO - 获取业绩数据: 017043
2026-03-07 11:50:45 - fund_analysis - INFO - 获取holding成功
2026-03-07 11:50:46 - fund_analysis - ERROR - 获取基金经理信息失败 017043: 1 validation error for ManagerInfo
fund_count
  Input should be a valid integer, got a number with a fractional part [type=int_from_float, input_value=18.43, input_type=float]
    For further information visit https://errors.pydantic.dev/2.12/v/int_from_float
2026-03-07 11:50:46 - fund_analysis - WARNING - 获取manager失败: 1 validation error for ManagerInfo
fund_count
  Input should be a valid integer, got a number with a fractional part [type=int_from_float, input_value=18.43, input_type=float]
    For further information visit https://errors.pydantic.dev/2.12/v/int_from_float
2026-03-07 11:50:46 - fund_analysis - INFO - 获取quote成功
2026-03-07 11:50:46 - fund_analysis - INFO - 获取basic_info成功
2026-03-07 11:50:46 - fund_analysis - INFO - 获取performance成功
2026-03-07 11:50:50 - fund_analysis - INFO - 获取nav_history成功
2026-03-07 11:50:50 - fund_analysis - INFO - performance分析完成
2026-03-07 11:50:50 - fund_analysis - INFO - technical分析完成
2026-03-07 11:50:50 - fund_analysis - INFO - holding分析完成
2026-03-07 11:50:50 - fund_analysis - INFO - sentiment分析完成
2026-03-07 11:50:50 - fund_analysis - INFO - 基金 017043 分析完成
2026-03-07 11:50:50 - fund_analysis - INFO - 报告已保存到: /Users/weijiahao03/AI/AI_workshop/.catpaw/skills/skills-market/fund-analysis/scripts/../examples/fund_analysis_017043_20260307_115050.md
2026-03-07 11:56:13 - fund_analysis - INFO - 持仓文件不存在，将创建新文件
2026-03-07 11:56:13 - fund_analysis - INFO - FundAnalyzer初始化完成
2026-03-07 11:56:13 - fund_analysis - INFO - 开始分析基金: 017043
2026-03-07 11:56:13 - fund_analysis - INFO - 获取基金基础信息: 017043
2026-03-07 11:56:13 - fund_analysis - INFO - 获取实时行情: 017043
2026-03-07 11:56:13 - fund_analysis - INFO - 获取净值历史: 017043, 天数: 365
2026-03-07 11:56:13 - fund_analysis - INFO - 获取持仓数据: 017043
2026-03-07 11:56:13 - fund_analysis - INFO - 获取基金经理信息: 017043
2026-03-07 11:56:13 - fund_analysis - INFO - 获取业绩数据: 017043
2026-03-07 11:56:14 - fund_analysis - ERROR - 获取基金经理信息失败 017043: 1 validation error for ManagerInfo
fund_count
  Input should be a valid integer, got a number with a fractional part [type=int_from_float, input_value=18.43, input_type=float]
    For further information visit https://errors.pydantic.dev/2.12/v/int_from_float
2026-03-07 11:56:14 - fund_analysis - WARNING - 获取manager失败: 1 validation error for ManagerInfo
fund_count
  Input should be a valid integer, got a number with a fractional part [type=int_from_float, input_value=18.43, input_type=float]
    For further information visit https://errors.pydantic.dev/2.12/v/int_from_float
2026-03-07 11:56:14 - fund_analysis - INFO - 获取holding成功
2026-03-07 11:56:14 - fund_analysis - INFO - 获取quote成功
2026-03-07 11:56:15 - fund_analysis - INFO - 获取performance成功
2026-03-07 11:56:15 - fund_analysis - INFO - 获取basic_info成功
2026-03-07 11:56:20 - fund_analysis - INFO - 获取nav_history成功
2026-03-07 11:56:20 - fund_analysis - INFO - performance分析完成
2026-03-07 11:56:20 - fund_analysis - INFO - holding分析完成
2026-03-07 11:56:20 - fund_analysis - INFO - technical分析完成
2026-03-07 11:56:20 - fund_analysis - INFO - sentiment分析完成
2026-03-07 11:56:20 - fund_analysis - INFO - 基金 017043 分析完成
2026-03-07 11:56:20 - fund_analysis - INFO - 报告已保存到: /Users/weijiahao03/AI/AI_workshop/.catpaw/skills/skills-market/fund-analysis/scripts/../fund_analysis_017043_20260307_115620.md
2026-03-07 12:37:55 - fund_analysis - INFO - 持仓文件不存在，将创建新文件
2026-03-07 12:37:55 - fund_analysis - INFO - FundAnalyzer初始化完成
2026-03-07 12:37:55 - fund_analysis - INFO - 开始分析基金: 017043
2026-03-07 12:37:55 - fund_analysis - INFO - 获取基金基础信息: 017043
2026-03-07 12:37:55 - fund_analysis - INFO - 获取实时行情: 017043
2026-03-07 12:37:55 - fund_analysis - INFO - 获取净值历史: 017043, 天数: 365
2026-03-07 12:37:55 - fund_analysis - INFO - 获取持仓数据: 017043
2026-03-07 12:37:55 - fund_analysis - INFO - 获取基金经理信息: 017043
2026-03-07 12:37:55 - fund_analysis - INFO - 获取业绩数据: 017043
2026-03-07 12:37:56 - fund_analysis - INFO - 获取quote成功
2026-03-07 12:37:56 - fund_analysis - ERROR - 获取基金经理信息失败 017043: 1 validation error for ManagerInfo
fund_count
  Input should be a valid integer, got a number with a fractional part [type=int_from_float, input_value=18.43, input_type=float]
    For further information visit https://errors.pydantic.dev/2.12/v/int_from_float
2026-03-07 12:37:56 - fund_analysis - WARNING - 获取manager失败: 1 validation error for ManagerInfo
fund_count
  Input should be a valid integer, got a number with a fractional part [type=int_from_float, input_value=18.43, input_type=float]
    For further information visit https://errors.pydantic.dev/2.12/v/int_from_float
2026-03-07 12:37:56 - fund_analysis - INFO - 获取holding成功
2026-03-07 12:37:56 - fund_analysis - INFO - 获取basic_info成功
2026-03-07 12:37:56 - fund_analysis - INFO - 获取performance成功
2026-03-07 12:38:01 - fund_analysis - INFO - 获取nav_history成功
2026-03-07 12:38:01 - fund_analysis - INFO - holding分析完成
2026-03-07 12:38:01 - fund_analysis - INFO - 获取基金公告: 017043
2026-03-07 12:38:01 - fund_analysis - INFO - technical分析完成
2026-03-07 12:38:01 - fund_analysis - INFO - performance分析完成
2026-03-07 12:38:01 - fund_analysis - INFO - 获取到 15 条公告
2026-03-07 12:38:01 - fund_analysis - INFO - sentiment分析完成
2026-03-07 12:38:01 - fund_analysis - INFO - 基金 017043 分析完成
2026-03-07 12:38:01 - fund_analysis - INFO - 报告已保存到: /Users/weijiahao03/AI/AI_workshop/.catpaw/skills/skills-market/fund-analysis/scripts/../fund_analysis_017043_20260307_123801.md
2026-03-07 12:39:50 - fund_analysis - INFO - 获取基金公告: 017043
2026-03-07 12:39:50 - fund_analysis - INFO - 获取到 20 条公告
2026-03-07 12:41:42 - fund_analysis - INFO - 持仓文件不存在，将创建新文件
2026-03-07 12:41:42 - fund_analysis - INFO - FundAnalyzer初始化完成
2026-03-07 12:41:42 - fund_analysis - INFO - 开始分析基金: 017043
2026-03-07 12:41:42 - fund_analysis - INFO - 获取基金基础信息: 017043
2026-03-07 12:41:42 - fund_analysis - INFO - 获取实时行情: 017043
2026-03-07 12:41:42 - fund_analysis - INFO - 获取净值历史: 017043, 天数: 365
2026-03-07 12:41:42 - fund_analysis - INFO - 获取持仓数据: 017043
2026-03-07 12:41:42 - fund_analysis - INFO - 获取基金经理信息: 017043
2026-03-07 12:41:42 - fund_analysis - INFO - 获取业绩数据: 017043
2026-03-07 12:41:42 - fund_analysis - ERROR - 获取基金经理信息失败 017043: 1 validation error for ManagerInfo
fund_count
  Input should be a valid integer, got a number with a fractional part [type=int_from_float, input_value=18.43, input_type=float]
    For further information visit https://errors.pydantic.dev/2.12/v/int_from_float
2026-03-07 12:41:42 - fund_analysis - WARNING - 获取manager失败: 1 validation error for ManagerInfo
fund_count
  Input should be a valid integer, got a number with a fractional part [type=int_from_float, input_value=18.43, input_type=float]
    For further information visit https://errors.pydantic.dev/2.12/v/int_from_float
2026-03-07 12:41:42 - fund_analysis - INFO - 获取basic_info成功
2026-03-07 12:41:42 - fund_analysis - INFO - 获取quote成功
2026-03-07 12:41:43 - fund_analysis - INFO - 获取holding成功
2026-03-07 12:41:44 - fund_analysis - INFO - 获取performance成功
2026-03-07 12:41:48 - fund_analysis - INFO - 获取nav_history成功
2026-03-07 12:41:48 - fund_analysis - INFO - performance分析完成
2026-03-07 12:41:48 - fund_analysis - INFO - 获取基金公告: 017043
2026-03-07 12:41:48 - fund_analysis - INFO - holding分析完成
2026-03-07 12:41:48 - fund_analysis - INFO - technical分析完成
2026-03-07 12:41:48 - fund_analysis - INFO - 获取到 15 条公告
2026-03-07 12:41:48 - fund_analysis - INFO - sentiment分析完成
2026-03-07 12:41:48 - fund_analysis - INFO - 基金 017043 分析完成
2026-03-07 12:41:48 - fund_analysis - INFO - 报告已保存到: /Users/weijiahao03/AI/AI_workshop/.catpaw/skills/skills-market/fund-analysis/scripts/../fund_analysis_017043_20260307_124148.md
2026-03-07 12:43:18 - fund_analysis - INFO - 持仓文件不存在，将创建新文件
2026-03-07 12:43:18 - fund_analysis - INFO - FundAnalyzer初始化完成
2026-03-07 12:43:18 - fund_analysis - INFO - 开始分析基金: 017043
2026-03-07 12:43:18 - fund_analysis - INFO - 获取基金基础信息: 017043
2026-03-07 12:43:18 - fund_analysis - INFO - 获取实时行情: 017043
2026-03-07 12:43:18 - fund_analysis - INFO - 获取净值历史: 017043, 天数: 365
2026-03-07 12:43:18 - fund_analysis - INFO - 获取持仓数据: 017043
2026-03-07 12:43:18 - fund_analysis - INFO - 获取基金经理信息: 017043
2026-03-07 12:43:18 - fund_analysis - INFO - 获取业绩数据: 017043
2026-03-07 12:43:19 - fund_analysis - ERROR - 获取基金经理信息失败 017043: 1 validation error for ManagerInfo
fund_count
  Input should be a valid integer, got a number with a fractional part [type=int_from_float, input_value=18.43, input_type=float]
    For further information visit https://errors.pydantic.dev/2.12/v/int_from_float
2026-03-07 12:43:19 - fund_analysis - WARNING - 获取manager失败: 1 validation error for ManagerInfo
fund_count
  Input should be a valid integer, got a number with a fractional part [type=int_from_float, input_value=18.43, input_type=float]
    For further information visit https://errors.pydantic.dev/2.12/v/int_from_float
2026-03-07 12:43:19 - fund_analysis - INFO - 获取holding成功
2026-03-07 12:43:19 - fund_analysis - INFO - 获取quote成功
2026-03-07 12:43:19 - fund_analysis - INFO - 获取basic_info成功
2026-03-07 12:43:19 - fund_analysis - INFO - 获取performance成功
2026-03-07 12:43:24 - fund_analysis - INFO - 获取nav_history成功
2026-03-07 12:43:24 - fund_analysis - INFO - performance分析完成
2026-03-07 12:43:24 - fund_analysis - INFO - 获取基金公告: 017043
2026-03-07 12:43:24 - fund_analysis - INFO - technical分析完成
2026-03-07 12:43:24 - fund_analysis - INFO - holding分析完成
2026-03-07 12:43:24 - fund_analysis - INFO - 获取到 15 条公告
2026-03-07 12:43:24 - fund_analysis - INFO - sentiment分析完成
2026-03-07 12:43:24 - fund_analysis - INFO - 基金 017043 分析完成
2026-03-07 12:43:24 - fund_analysis - INFO - 报告已保存到: /Users/weijiahao03/AI/AI_workshop/.catpaw/skills/skills-market/fund-analysis/scripts/../fund_analysis_017043_20260307_124324.md
2026-03-07 12:45:21 - fund_analysis - INFO - 持仓文件不存在，将创建新文件
2026-03-07 12:45:21 - fund_analysis - INFO - FundAnalyzer初始化完成
2026-03-07 12:45:21 - fund_analysis - INFO - 开始分析基金: 017043
2026-03-07 12:45:21 - fund_analysis - INFO - 获取基金基础信息: 017043
2026-03-07 12:45:21 - fund_analysis - INFO - 获取实时行情: 017043
2026-03-07 12:45:21 - fund_analysis - INFO - 获取净值历史: 017043, 天数: 365
2026-03-07 12:45:21 - fund_analysis - INFO - 获取持仓数据: 017043
2026-03-07 12:45:21 - fund_analysis - INFO - 获取基金经理信息: 017043
2026-03-07 12:45:21 - fund_analysis - INFO - 获取业绩数据: 017043
2026-03-07 12:45:22 - fund_analysis - ERROR - 获取基金经理信息失败 017043: 1 validation error for ManagerInfo
fund_count
  Input should be a valid integer, got a number with a fractional part [type=int_from_float, input_value=18.43, input_type=float]
    For further information visit https://errors.pydantic.dev/2.12/v/int_from_float
2026-03-07 12:45:22 - fund_analysis - WARNING - 获取manager失败: 1 validation error for ManagerInfo
fund_count
  Input should be a valid integer, got a number with a fractional part [type=int_from_float, input_value=18.43, input_type=float]
    For further information visit https://errors.pydantic.dev/2.12/v/int_from_float
2026-03-07 12:45:22 - fund_analysis - INFO - 获取quote成功
2026-03-07 12:45:22 - fund_analysis - INFO - 获取holding成功
2026-03-07 12:45:22 - fund_analysis - INFO - 获取basic_info成功
2026-03-07 12:45:23 - fund_analysis - INFO - 获取performance成功
2026-03-07 12:45:27 - fund_analysis - INFO - 获取nav_history成功
2026-03-07 12:45:27 - fund_analysis - INFO - technical分析完成
2026-03-07 12:45:27 - fund_analysis - INFO - 获取基金公告: 017043
2026-03-07 12:45:27 - fund_analysis - INFO - performance分析完成
2026-03-07 12:45:27 - fund_analysis - INFO - holding分析完成
2026-03-07 12:45:28 - fund_analysis - INFO - 获取到 15 条公告
2026-03-07 12:45:28 - fund_analysis - INFO - sentiment分析完成
2026-03-07 12:45:28 - fund_analysis - INFO - 基金 017043 分析完成
2026-03-07 12:45:28 - fund_analysis - INFO - 报告已保存到: /Users/weijiahao03/AI/AI_workshop/.catpaw/skills/skills-market/fund-analysis/scripts/../reports/fund_analysis_017043_20260307_124528.md
2026-03-07 12:50:00 - fund_analysis - INFO - 获取持仓数据: 017043
2026-03-07 12:53:11 - fund_analysis - INFO - 持仓文件不存在，将创建新文件
2026-03-07 12:53:11 - fund_analysis - INFO - FundAnalyzer初始化完成
2026-03-07 12:53:11 - fund_analysis - INFO - 开始分析基金: 017043
2026-03-07 12:53:11 - fund_analysis - INFO - 获取基金基础信息: 017043
2026-03-07 12:53:11 - fund_analysis - INFO - 获取实时行情: 017043
2026-03-07 12:53:11 - fund_analysis - INFO - 获取净值历史: 017043, 天数: 365
2026-03-07 12:53:11 - fund_analysis - INFO - 获取持仓数据: 017043
2026-03-07 12:53:11 - fund_analysis - INFO - 获取基金经理信息: 017043
2026-03-07 12:53:11 - fund_analysis - INFO - 获取业绩数据: 017043
2026-03-07 12:53:12 - fund_analysis - ERROR - 获取基金经理信息失败 017043: 1 validation error for ManagerInfo
fund_count
  Input should be a valid integer, got a number with a fractional part [type=int_from_float, input_value=18.43, input_type=float]
    For further information visit https://errors.pydantic.dev/2.12/v/int_from_float
2026-03-07 12:53:12 - fund_analysis - WARNING - 获取manager失败: 1 validation error for ManagerInfo
fund_count
  Input should be a valid integer, got a number with a fractional part [type=int_from_float, input_value=18.43, input_type=float]
    For further information visit https://errors.pydantic.dev/2.12/v/int_from_float
2026-03-07 12:53:12 - fund_analysis - INFO - 获取quote成功
2026-03-07 12:53:12 - fund_analysis - INFO - 获取holding成功
2026-03-07 12:53:12 - fund_analysis - INFO - 获取basic_info成功
2026-03-07 12:53:13 - fund_analysis - INFO - 获取performance成功
2026-03-07 12:53:16 - fund_analysis - INFO - 获取nav_history成功
2026-03-07 12:53:17 - fund_analysis - INFO - performance分析完成
2026-03-07 12:53:17 - fund_analysis - INFO - 获取基金公告: 017043
2026-03-07 12:53:17 - fund_analysis - INFO - technical分析完成
2026-03-07 12:53:17 - fund_analysis - INFO - holding分析完成
2026-03-07 12:53:17 - fund_analysis - INFO - 获取到 15 条公告
2026-03-07 12:53:17 - fund_analysis - INFO - sentiment分析完成
2026-03-07 12:53:17 - fund_analysis - WARNING - 获取股票行情失败: HTTPSConnectionPool(host='push2.eastmoney.com', port=443): Max retries exceeded with url: /api/qt/ulist.np/get?fltt=2&invt=2&fields=f2,f3,f12,f14&secids=0.002602,116.000005,1.600901,116.000883,0.000600,116.001882,116.000669,116.002888,0.000598,1.600219 (Caused by ProxyError('Cannot connect to proxy.', RemoteDisconnected('Remote end closed connection without response')))
2026-03-07 12:53:17 - fund_analysis - INFO - 基金 017043 分析完成
2026-03-07 12:53:17 - fund_analysis - INFO - 报告已保存到: /Users/weijiahao03/AI/AI_workshop/.catpaw/skills/skills-market/fund-analysis/scripts/../reports/fund_analysis_017043_20260307_125317.md
2026-03-07 12:53:59 - fund_analysis - INFO - 持仓文件不存在，将创建新文件
2026-03-07 12:53:59 - fund_analysis - INFO - FundAnalyzer初始化完成
2026-03-07 12:53:59 - fund_analysis - INFO - 获取基金基础信息: 017043
2026-03-07 12:53:59 - fund_analysis - INFO - 获取实时行情: 017043
2026-03-07 12:53:59 - fund_analysis - INFO - 获取净值历史: 017043, 天数: 365
2026-03-07 12:53:59 - fund_analysis - INFO - 获取持仓数据: 017043
2026-03-07 12:53:59 - fund_analysis - INFO - 获取基金经理信息: 017043
2026-03-07 12:53:59 - fund_analysis - INFO - 获取业绩数据: 017043
2026-03-07 12:53:59 - fund_analysis - INFO - 获取basic_info成功
2026-03-07 12:53:59 - fund_analysis - INFO - 获取quote成功
2026-03-07 12:53:59 - fund_analysis - ERROR - 获取基金经理信息失败 017043: 1 validation error for ManagerInfo
fund_count
  Input should be a valid integer, got a number with a fractional part [type=int_from_float, input_value=18.43, input_type=float]
    For further information visit https://errors.pydantic.dev/2.12/v/int_from_float
2026-03-07 12:53:59 - fund_analysis - WARNING - 获取manager失败: 1 validation error for ManagerInfo
fund_count
  Input should be a valid integer, got a number with a fractional part [type=int_from_float, input_value=18.43, input_type=float]
    For further information visit https://errors.pydantic.dev/2.12/v/int_from_float
2026-03-07 12:53:59 - fund_analysis - INFO - 获取holding成功
2026-03-07 12:54:00 - fund_analysis - INFO - 获取performance成功
2026-03-07 12:54:05 - fund_analysis - INFO - 获取nav_history成功
2026-03-07 12:54:05 - fund_analysis - INFO - holding分析完成
2026-03-07 12:54:05 - fund_analysis - INFO - 获取基金公告: 017043
2026-03-07 12:54:05 - fund_analysis - INFO - performance分析完成
2026-03-07 12:54:05 - fund_analysis - INFO - technical分析完成
2026-03-07 12:54:05 - fund_analysis - INFO - 获取到 15 条公告
2026-03-07 12:54:05 - fund_analysis - INFO - sentiment分析完成
2026-03-07 12:54:05 - fund_analysis - WARNING - 获取股票行情失败: HTTPSConnectionPool(host='push2.eastmoney.com', port=443): Max retries exceeded with url: /api/qt/ulist.np/get?fltt=2&invt=2&fields=f2,f3,f12,f14&secids=0.002602,116.000005,1.600901,116.000883,0.000600,116.001882,116.000669,116.002888,0.000598,1.600219 (Caused by ProxyError('Cannot connect to proxy.', RemoteDisconnected('Remote end closed connection without response')))
2026-03-07 12:55:42 - fund_analysis - INFO - 持仓文件不存在，将创建新文件
2026-03-07 12:55:42 - fund_analysis - INFO - FundAnalyzer初始化完成
2026-03-07 12:55:42 - fund_analysis - INFO - 开始分析基金: 017043
2026-03-07 12:55:42 - fund_analysis - INFO - 获取基金基础信息: 017043
2026-03-07 12:55:42 - fund_analysis - INFO - 获取实时行情: 017043
2026-03-07 12:55:42 - fund_analysis - INFO - 获取净值历史: 017043, 天数: 365
2026-03-07 12:55:42 - fund_analysis - INFO - 获取持仓数据: 017043
2026-03-07 12:55:42 - fund_analysis - INFO - 获取基金经理信息: 017043
2026-03-07 12:55:42 - fund_analysis - INFO - 获取业绩数据: 017043
2026-03-07 12:55:43 - fund_analysis - INFO - 获取manager成功
2026-03-07 12:55:43 - fund_analysis - INFO - 获取quote成功
2026-03-07 12:55:43 - fund_analysis - INFO - 获取holding成功
2026-03-07 12:55:43 - fund_analysis - INFO - 获取basic_info成功
2026-03-07 12:55:44 - fund_analysis - INFO - 获取performance成功
2026-03-07 12:55:48 - fund_analysis - INFO - 获取nav_history成功
2026-03-07 12:55:48 - fund_analysis - INFO - manager分析完成
2026-03-07 12:55:48 - fund_analysis - INFO - 获取基金公告: 017043
2026-03-07 12:55:48 - fund_analysis - INFO - technical分析完成
2026-03-07 12:55:48 - fund_analysis - INFO - holding分析完成
2026-03-07 12:55:48 - fund_analysis - INFO - performance分析完成
2026-03-07 12:55:48 - fund_analysis - INFO - 获取到 15 条公告
2026-03-07 12:55:48 - fund_analysis - INFO - sentiment分析完成
2026-03-07 12:55:48 - fund_analysis - INFO - 投资建议生成完成
2026-03-07 12:55:48 - fund_analysis - WARNING - 获取股票行情失败: ('Connection aborted.', RemoteDisconnected('Remote end closed connection without response'))
2026-03-07 12:55:48 - fund_analysis - INFO - 基金 017043 分析完成
2026-03-07 12:55:48 - fund_analysis - INFO - 报告已保存到: /Users/weijiahao03/AI/AI_workshop/.catpaw/skills/skills-market/fund-analysis/scripts/../reports/fund_analysis_017043_20260307_125548.md
2026-03-07 12:57:35 - fund_analysis - INFO - 持仓文件不存在，将创建新文件
2026-03-07 12:57:35 - fund_analysis - INFO - FundAnalyzer初始化完成
2026-03-07 12:57:35 - fund_analysis - INFO - 开始分析基金: 017043
2026-03-07 12:57:35 - fund_analysis - INFO - 获取基金基础信息: 017043
2026-03-07 12:57:35 - fund_analysis - INFO - 获取实时行情: 017043
2026-03-07 12:57:35 - fund_analysis - INFO - 获取净值历史: 017043, 天数: 365
2026-03-07 12:57:35 - fund_analysis - INFO - 获取持仓数据: 017043
2026-03-07 12:57:35 - fund_analysis - INFO - 获取基金经理信息: 017043
2026-03-07 12:57:35 - fund_analysis - INFO - 获取业绩数据: 017043
2026-03-07 12:57:35 - fund_analysis - INFO - 获取quote成功
2026-03-07 12:57:35 - fund_analysis - INFO - 获取manager成功
2026-03-07 12:57:35 - fund_analysis - INFO - 获取holding成功
2026-03-07 12:57:36 - fund_analysis - INFO - 获取basic_info成功
2026-03-07 12:57:37 - fund_analysis - INFO - 获取performance成功
2026-03-07 12:57:40 - fund_analysis - INFO - 获取nav_history成功
2026-03-07 12:57:40 - fund_analysis - INFO - technical分析完成
2026-03-07 12:57:40 - fund_analysis - INFO - 获取基金公告: 017043
2026-03-07 12:57:40 - fund_analysis - INFO - manager分析完成
2026-03-07 12:57:40 - fund_analysis - INFO - holding分析完成
2026-03-07 12:57:40 - fund_analysis - INFO - performance分析完成
2026-03-07 12:57:40 - fund_analysis - INFO - 获取到 15 条公告
2026-03-07 12:57:40 - fund_analysis - INFO - sentiment分析完成
2026-03-07 12:57:40 - fund_analysis - INFO - 投资建议生成完成
2026-03-07 12:57:41 - fund_analysis - INFO - 获取到 10 条股票行情（push2his）
2026-03-07 12:57:41 - fund_analysis - INFO - 基金 017043 分析完成
2026-03-07 12:57:41 - fund_analysis - INFO - 报告已保存到: /Users/weijiahao03/AI/AI_workshop/.catpaw/skills/skills-market/fund-analysis/scripts/../reports/fund_analysis_017043_20260307_125741.md
2026-03-07 13:06:19 - fund_analysis - INFO - 持仓文件不存在，将创建新文件
2026-03-07 13:06:19 - fund_analysis - INFO - FundAnalyzer初始化完成
2026-03-07 13:06:19 - fund_analysis - INFO - 持仓已保存（共 1 条）
2026-03-07 13:06:19 - fund_analysis - INFO - 新增持仓: 008269 大成睿享混合A
2026-03-07 13:06:19 - fund_analysis - INFO - 持仓已保存（共 2 条）
2026-03-07 13:06:19 - fund_analysis - INFO - 新增持仓: 017043 汇添富品质价值混合
2026-03-07 13:06:19 - fund_analysis - INFO - 持仓已保存（共 3 条）
2026-03-07 13:06:19 - fund_analysis - INFO - 新增持仓: 000628 大成高鑫股票A
2026-03-07 13:06:19 - fund_analysis - INFO - 持仓已保存（共 4 条）
2026-03-07 13:06:19 - fund_analysis - INFO - 新增持仓: 007751 景顺长城中证沪港深红利成长低波动指数A
2026-03-07 13:06:19 - fund_analysis - INFO - 持仓已保存（共 5 条）
2026-03-07 13:06:19 - fund_analysis - INFO - 新增持仓: 021707 富国中证红利低波动ETF联接A
2026-03-07 13:06:19 - fund_analysis - INFO - 持仓已保存（共 6 条）
2026-03-07 13:06:19 - fund_analysis - INFO - 新增持仓: 007562 景顺长城景泰纯利债券A
2026-03-07 13:06:19 - fund_analysis - INFO - 持仓已保存（共 7 条）
2026-03-07 13:06:19 - fund_analysis - INFO - 新增持仓: 110018 易方达增强回报债券B
2026-03-07 13:06:19 - fund_analysis - INFO - 持仓已保存（共 8 条）
2026-03-07 13:06:19 - fund_analysis - INFO - 新增持仓: 010011 景顺长城景颐招利6个月持有期债券A
2026-03-07 13:06:19 - fund_analysis - INFO - 持仓已保存（共 9 条）
2026-03-07 13:06:19 - fund_analysis - INFO - 新增持仓: 160323 华夏磐泰混合(LOF)A
2026-03-07 13:06:29 - fund_analysis - INFO - 已加载 9 条持仓记录
2026-03-07 13:06:29 - fund_analysis - INFO - FundAnalyzer初始化完成
2026-03-07 13:06:29 - fund_analysis - INFO - 开始批量分析持仓：['008269', '017043', '000628', '007751', '021707', '007562', '110018', '010011', '160323']
2026-03-07 13:06:29 - fund_analysis - INFO - 分析持仓基金: 008269
2026-03-07 13:06:29 - fund_analysis - INFO - 开始分析基金: 008269
2026-03-07 13:06:29 - fund_analysis - INFO - 获取基金基础信息: 008269
2026-03-07 13:06:29 - fund_analysis - INFO - 获取实时行情: 008269
2026-03-07 13:06:29 - fund_analysis - INFO - 获取净值历史: 008269, 天数: 365
2026-03-07 13:06:29 - fund_analysis - INFO - 获取持仓数据: 008269
2026-03-07 13:06:29 - fund_analysis - INFO - 获取基金经理信息: 008269
2026-03-07 13:06:29 - fund_analysis - INFO - 获取业绩数据: 008269
2026-03-07 13:06:30 - fund_analysis - INFO - 获取quote成功
2026-03-07 13:06:30 - fund_analysis - INFO - 获取holding成功
2026-03-07 13:06:30 - fund_analysis - INFO - 获取manager成功
2026-03-07 13:06:30 - fund_analysis - INFO - 获取basic_info成功
2026-03-07 13:06:30 - fund_analysis - INFO - 获取performance成功
2026-03-07 13:06:35 - fund_analysis - INFO - 获取nav_history成功
2026-03-07 13:06:35 - fund_analysis - INFO - holding分析完成
2026-03-07 13:06:35 - fund_analysis - INFO - 获取基金公告: 008269
2026-03-07 13:06:35 - fund_analysis - INFO - manager分析完成
2026-03-07 13:06:35 - fund_analysis - INFO - technical分析完成
2026-03-07 13:06:35 - fund_analysis - INFO - performance分析完成
2026-03-07 13:06:35 - fund_analysis - INFO - 获取到 15 条公告
2026-03-07 13:06:35 - fund_analysis - INFO - sentiment分析完成
2026-03-07 13:06:35 - fund_analysis - INFO - 投资建议生成完成
2026-03-07 13:06:36 - fund_analysis - INFO - 获取到 10 条股票行情（push2his）
2026-03-07 13:06:36 - fund_analysis - INFO - 基金 008269 分析完成
2026-03-07 13:06:36 - fund_analysis - INFO - 分析持仓基金: 017043
2026-03-07 13:06:36 - fund_analysis - INFO - 开始分析基金: 017043
2026-03-07 13:06:36 - fund_analysis - INFO - 获取基金基础信息: 017043
2026-03-07 13:06:36 - fund_analysis - INFO - 获取实时行情: 017043
2026-03-07 13:06:36 - fund_analysis - INFO - 获取净值历史: 017043, 天数: 365
2026-03-07 13:06:36 - fund_analysis - INFO - 获取持仓数据: 017043
2026-03-07 13:06:36 - fund_analysis - INFO - 获取基金经理信息: 017043
2026-03-07 13:06:36 - fund_analysis - INFO - 获取业绩数据: 017043
2026-03-07 13:06:36 - fund_analysis - INFO - 获取holding成功
2026-03-07 13:06:36 - fund_analysis - INFO - 获取quote成功
2026-03-07 13:06:36 - fund_analysis - INFO - 获取manager成功
2026-03-07 13:06:37 - fund_analysis - INFO - 获取basic_info成功
2026-03-07 13:06:37 - fund_analysis - INFO - 获取performance成功
2026-03-07 13:06:42 - fund_analysis - INFO - 获取nav_history成功
2026-03-07 13:06:42 - fund_analysis - INFO - technical分析完成
2026-03-07 13:06:42 - fund_analysis - INFO - 获取基金公告: 017043
2026-03-07 13:06:42 - fund_analysis - INFO - manager分析完成
2026-03-07 13:06:42 - fund_analysis - INFO - holding分析完成
2026-03-07 13:06:42 - fund_analysis - INFO - performance分析完成
2026-03-07 13:06:42 - fund_analysis - INFO - 获取到 15 条公告
2026-03-07 13:06:42 - fund_analysis - INFO - sentiment分析完成
2026-03-07 13:06:42 - fund_analysis - INFO - 投资建议生成完成
2026-03-07 13:06:42 - fund_analysis - INFO - 获取到 10 条股票行情（push2his）
2026-03-07 13:06:42 - fund_analysis - INFO - 基金 017043 分析完成
2026-03-07 13:06:42 - fund_analysis - INFO - 分析持仓基金: 000628
2026-03-07 13:06:42 - fund_analysis - INFO - 开始分析基金: 000628
2026-03-07 13:06:42 - fund_analysis - INFO - 获取基金基础信息: 000628
2026-03-07 13:06:42 - fund_analysis - INFO - 获取实时行情: 000628
2026-03-07 13:06:42 - fund_analysis - INFO - 获取净值历史: 000628, 天数: 365
2026-03-07 13:06:42 - fund_analysis - INFO - 获取持仓数据: 000628
2026-03-07 13:06:42 - fund_analysis - INFO - 获取基金经理信息: 000628
2026-03-07 13:06:42 - fund_analysis - INFO - 获取业绩数据: 000628
2026-03-07 13:06:43 - fund_analysis - INFO - 获取manager成功
2026-03-07 13:06:43 - fund_analysis - INFO - 获取holding成功
2026-03-07 13:06:43 - fund_analysis - INFO - 获取quote成功
2026-03-07 13:06:43 - fund_analysis - INFO - 获取basic_info成功
2026-03-07 13:06:44 - fund_analysis - INFO - 获取performance成功
2026-03-07 13:06:48 - fund_analysis - INFO - 获取nav_history成功
2026-03-07 13:06:48 - fund_analysis - INFO - manager分析完成
2026-03-07 13:06:48 - fund_analysis - INFO - 获取基金公告: 000628
2026-03-07 13:06:48 - fund_analysis - INFO - technical分析完成
2026-03-07 13:06:48 - fund_analysis - INFO - holding分析完成
2026-03-07 13:06:48 - fund_analysis - INFO - performance分析完成
2026-03-07 13:06:48 - fund_analysis - INFO - 获取到 15 条公告
2026-03-07 13:06:48 - fund_analysis - INFO - sentiment分析完成
2026-03-07 13:06:48 - fund_analysis - INFO - 投资建议生成完成
2026-03-07 13:06:49 - fund_analysis - INFO - 获取到 10 条股票行情（push2his）
2026-03-07 13:06:49 - fund_analysis - INFO - 基金 000628 分析完成
2026-03-07 13:06:49 - fund_analysis - INFO - 分析持仓基金: 007751
2026-03-07 13:06:49 - fund_analysis - INFO - 开始分析基金: 007751
2026-03-07 13:06:49 - fund_analysis - INFO - 获取基金基础信息: 007751
2026-03-07 13:06:49 - fund_analysis - INFO - 获取实时行情: 007751
2026-03-07 13:06:49 - fund_analysis - INFO - 获取净值历史: 007751, 天数: 365
2026-03-07 13:06:49 - fund_analysis - INFO - 获取持仓数据: 007751
2026-03-07 13:06:49 - fund_analysis - INFO - 获取基金经理信息: 007751
2026-03-07 13:06:49 - fund_analysis - INFO - 获取业绩数据: 007751
2026-03-07 13:06:49 - fund_analysis - INFO - 获取basic_info成功
2026-03-07 13:06:49 - fund_analysis - INFO - 获取quote成功
2026-03-07 13:06:49 - fund_analysis - INFO - 获取holding成功
2026-03-07 13:06:49 - fund_analysis - INFO - 获取manager成功
2026-03-07 13:06:50 - fund_analysis - INFO - 获取performance成功
2026-03-07 13:06:55 - fund_analysis - INFO - 获取nav_history成功
2026-03-07 13:06:55 - fund_analysis - INFO - technical分析完成
2026-03-07 13:06:55 - fund_analysis - INFO - 获取基金公告: 007751
2026-03-07 13:06:55 - fund_analysis - INFO - manager分析完成
2026-03-07 13:06:55 - fund_analysis - INFO - holding分析完成
2026-03-07 13:06:55 - fund_analysis - INFO - performance分析完成
2026-03-07 13:06:55 - fund_analysis - INFO - 获取到 15 条公告
2026-03-07 13:06:55 - fund_analysis - INFO - sentiment分析完成
2026-03-07 13:06:55 - fund_analysis - INFO - 投资建议生成完成
2026-03-07 13:06:56 - fund_analysis - INFO - 获取到 0 条股票行情（push2his）
2026-03-07 13:06:56 - fund_analysis - INFO - 基金 007751 分析完成
2026-03-07 13:06:56 - fund_analysis - INFO - 分析持仓基金: 021707
2026-03-07 13:06:56 - fund_analysis - INFO - 开始分析基金: 021707
2026-03-07 13:06:56 - fund_analysis - INFO - 获取基金基础信息: 021707
2026-03-07 13:06:56 - fund_analysis - INFO - 获取实时行情: 021707
2026-03-07 13:06:56 - fund_analysis - INFO - 获取净值历史: 021707, 天数: 365
2026-03-07 13:06:56 - fund_analysis - INFO - 获取持仓数据: 021707
2026-03-07 13:06:56 - fund_analysis - INFO - 获取基金经理信息: 021707
2026-03-07 13:06:56 - fund_analysis - INFO - 获取业绩数据: 021707
2026-03-07 13:06:56 - fund_analysis - INFO - 获取quote成功
2026-03-07 13:06:56 - fund_analysis - INFO - 获取basic_info成功
2026-03-07 13:06:56 - fund_analysis - INFO - 获取manager成功
2026-03-07 13:06:56 - fund_analysis - INFO - 获取holding成功
2026-03-07 13:06:57 - fund_analysis - INFO - 获取performance成功
2026-03-07 13:07:01 - fund_analysis - INFO - 获取nav_history成功
2026-03-07 13:07:01 - fund_analysis - INFO - technical分析完成
2026-03-07 13:07:01 - fund_analysis - INFO - 获取基金公告: 021707
2026-03-07 13:07:01 - fund_analysis - INFO - holding分析完成
2026-03-07 13:07:01 - fund_analysis - INFO - manager分析完成
2026-03-07 13:07:01 - fund_analysis - INFO - performance分析完成
2026-03-07 13:07:02 - fund_analysis - INFO - 获取到 15 条公告
2026-03-07 13:07:02 - fund_analysis - INFO - sentiment分析完成
2026-03-07 13:07:02 - fund_analysis - INFO - 投资建议生成完成
2026-03-07 13:07:02 - fund_analysis - INFO - 基金 021707 分析完成
2026-03-07 13:07:02 - fund_analysis - INFO - 分析持仓基金: 007562
2026-03-07 13:07:02 - fund_analysis - INFO - 开始分析基金: 007562
2026-03-07 13:07:02 - fund_analysis - INFO - 获取基金基础信息: 007562
2026-03-07 13:07:02 - fund_analysis - INFO - 获取实时行情: 007562
2026-03-07 13:07:02 - fund_analysis - INFO - 获取净值历史: 007562, 天数: 365
2026-03-07 13:07:02 - fund_analysis - INFO - 获取持仓数据: 007562
2026-03-07 13:07:02 - fund_analysis - INFO - 获取基金经理信息: 007562
2026-03-07 13:07:02 - fund_analysis - INFO - 获取业绩数据: 007562
2026-03-07 13:07:02 - fund_analysis - INFO - 获取manager成功
2026-03-07 13:07:02 - fund_analysis - INFO - 获取holding成功
2026-03-07 13:07:02 - fund_analysis - INFO - 获取quote成功
2026-03-07 13:07:02 - fund_analysis - INFO - 获取basic_info成功
2026-03-07 13:07:03 - fund_analysis - INFO - 获取performance成功
2026-03-07 13:07:07 - fund_analysis - INFO - 获取nav_history成功
2026-03-07 13:07:07 - fund_analysis - INFO - holding分析完成
2026-03-07 13:07:07 - fund_analysis - INFO - 获取基金公告: 007562
2026-03-07 13:07:07 - fund_analysis - INFO - technical分析完成
2026-03-07 13:07:07 - fund_analysis - INFO - manager分析完成
2026-03-07 13:07:07 - fund_analysis - INFO - performance分析完成
2026-03-07 13:07:07 - fund_analysis - INFO - 获取到 15 条公告
2026-03-07 13:07:07 - fund_analysis - INFO - sentiment分析完成
2026-03-07 13:07:07 - fund_analysis - INFO - 投资建议生成完成
2026-03-07 13:07:07 - fund_analysis - INFO - 基金 007562 分析完成
2026-03-07 13:07:07 - fund_analysis - INFO - 分析持仓基金: 110018
2026-03-07 13:07:07 - fund_analysis - INFO - 开始分析基金: 110018
2026-03-07 13:07:07 - fund_analysis - INFO - 获取基金基础信息: 110018
2026-03-07 13:07:07 - fund_analysis - INFO - 获取实时行情: 110018
2026-03-07 13:07:07 - fund_analysis - INFO - 获取净值历史: 110018, 天数: 365
2026-03-07 13:07:07 - fund_analysis - INFO - 获取持仓数据: 110018
2026-03-07 13:07:07 - fund_analysis - INFO - 获取基金经理信息: 110018
2026-03-07 13:07:07 - fund_analysis - INFO - 获取业绩数据: 110018
2026-03-07 13:07:08 - fund_analysis - INFO - 获取manager成功
2026-03-07 13:07:08 - fund_analysis - INFO - 获取quote成功
2026-03-07 13:07:08 - fund_analysis - INFO - 获取holding成功
2026-03-07 13:07:08 - fund_analysis - INFO - 获取basic_info成功
2026-03-07 13:07:09 - fund_analysis - INFO - 获取performance成功
2026-03-07 13:07:13 - fund_analysis - INFO - 获取nav_history成功
2026-03-07 13:07:13 - fund_analysis - INFO - manager分析完成
2026-03-07 13:07:13 - fund_analysis - INFO - technical分析完成
2026-03-07 13:07:13 - fund_analysis - INFO - holding分析完成
2026-03-07 13:07:13 - fund_analysis - INFO - 获取基金公告: 110018
2026-03-07 13:07:13 - fund_analysis - INFO - performance分析完成
2026-03-07 13:07:14 - fund_analysis - INFO - 获取到 15 条公告
2026-03-07 13:07:14 - fund_analysis - INFO - sentiment分析完成
2026-03-07 13:07:14 - fund_analysis - INFO - 投资建议生成完成
2026-03-07 13:07:14 - fund_analysis - INFO - 获取到 0 条股票行情（push2his）
2026-03-07 13:07:14 - fund_analysis - INFO - 基金 110018 分析完成
2026-03-07 13:07:14 - fund_analysis - INFO - 分析持仓基金: 010011
2026-03-07 13:07:14 - fund_analysis - INFO - 开始分析基金: 010011
2026-03-07 13:07:14 - fund_analysis - INFO - 获取基金基础信息: 010011
2026-03-07 13:07:14 - fund_analysis - INFO - 获取实时行情: 010011
2026-03-07 13:07:14 - fund_analysis - INFO - 获取净值历史: 010011, 天数: 365
2026-03-07 13:07:14 - fund_analysis - INFO - 获取持仓数据: 010011
2026-03-07 13:07:14 - fund_analysis - INFO - 获取基金经理信息: 010011
2026-03-07 13:07:14 - fund_analysis - INFO - 获取业绩数据: 010011
2026-03-07 13:07:15 - fund_analysis - INFO - 获取basic_info成功
2026-03-07 13:07:15 - fund_analysis - INFO - 获取holding成功
2026-03-07 13:07:15 - fund_analysis - INFO - 获取manager成功
2026-03-07 13:07:15 - fund_analysis - INFO - 获取quote成功
2026-03-07 13:07:16 - fund_analysis - INFO - 获取performance成功
2026-03-07 13:07:21 - fund_analysis - INFO - 获取nav_history成功
2026-03-07 13:07:21 - fund_analysis - INFO - manager分析完成
2026-03-07 13:07:21 - fund_analysis - INFO - 获取基金公告: 010011
2026-03-07 13:07:21 - fund_analysis - INFO - holding分析完成
2026-03-07 13:07:21 - fund_analysis - INFO - technical分析完成
2026-03-07 13:07:21 - fund_analysis - INFO - performance分析完成
2026-03-07 13:07:21 - fund_analysis - INFO - 获取到 15 条公告
2026-03-07 13:07:21 - fund_analysis - INFO - sentiment分析完成
2026-03-07 13:07:21 - fund_analysis - INFO - 投资建议生成完成
2026-03-07 13:07:22 - fund_analysis - INFO - 获取到 0 条股票行情（push2his）
2026-03-07 13:07:22 - fund_analysis - INFO - 基金 010011 分析完成
2026-03-07 13:07:22 - fund_analysis - INFO - 分析持仓基金: 160323
2026-03-07 13:07:22 - fund_analysis - INFO - 开始分析基金: 160323
2026-03-07 13:07:22 - fund_analysis - INFO - 获取基金基础信息: 160323
2026-03-07 13:07:22 - fund_analysis - INFO - 获取实时行情: 160323
2026-03-07 13:07:22 - fund_analysis - INFO - 获取净值历史: 160323, 天数: 365
2026-03-07 13:07:22 - fund_analysis - INFO - 获取持仓数据: 160323
2026-03-07 13:07:22 - fund_analysis - INFO - 获取基金经理信息: 160323
2026-03-07 13:07:22 - fund_analysis - INFO - 获取业绩数据: 160323
2026-03-07 13:07:22 - fund_analysis - INFO - 获取manager成功
2026-03-07 13:07:22 - fund_analysis - INFO - 获取quote成功
2026-03-07 13:07:22 - fund_analysis - INFO - 获取holding成功
2026-03-07 13:07:22 - fund_analysis - INFO - 获取basic_info成功
2026-03-07 13:07:23 - fund_analysis - INFO - 获取performance成功
2026-03-07 13:07:27 - fund_analysis - INFO - 获取nav_history成功
2026-03-07 13:07:27 - fund_analysis - INFO - manager分析完成
2026-03-07 13:07:27 - fund_analysis - INFO - 获取基金公告: 160323
2026-03-07 13:07:27 - fund_analysis - INFO - holding分析完成
2026-03-07 13:07:27 - fund_analysis - INFO - technical分析完成
2026-03-07 13:07:27 - fund_analysis - INFO - performance分析完成
2026-03-07 13:07:27 - fund_analysis - INFO - 获取到 15 条公告
2026-03-07 13:07:27 - fund_analysis - INFO - sentiment分析完成
2026-03-07 13:07:27 - fund_analysis - INFO - 投资建议生成完成
2026-03-07 13:07:27 - fund_analysis - INFO - 获取到 0 条股票行情（push2his）
2026-03-07 13:07:27 - fund_analysis - INFO - 基金 160323 分析完成
2026-03-07 13:08:12 - fund_analysis - INFO - 已加载 9 条持仓记录
2026-03-07 13:08:12 - fund_analysis - INFO - FundAnalyzer初始化完成
2026-03-07 13:08:12 - fund_analysis - INFO - 持仓已保存（共 9 条）
2026-03-07 13:08:12 - fund_analysis - INFO - 更新持仓: 008269
2026-03-07 13:08:12 - fund_analysis - INFO - 持仓已保存（共 9 条）
2026-03-07 13:08:12 - fund_analysis - INFO - 更新持仓: 017043
2026-03-07 13:08:12 - fund_analysis - INFO - 持仓已保存（共 9 条）
2026-03-07 13:08:12 - fund_analysis - INFO - 更新持仓: 000628
2026-03-07 13:08:12 - fund_analysis - INFO - 持仓已保存（共 9 条）
2026-03-07 13:08:12 - fund_analysis - INFO - 更新持仓: 007751
2026-03-07 13:08:12 - fund_analysis - INFO - 持仓已保存（共 9 条）
2026-03-07 13:08:12 - fund_analysis - INFO - 更新持仓: 021707
2026-03-07 13:08:12 - fund_analysis - INFO - 持仓已保存（共 9 条）
2026-03-07 13:08:12 - fund_analysis - INFO - 更新持仓: 007562
2026-03-07 13:08:12 - fund_analysis - INFO - 持仓已保存（共 9 条）
2026-03-07 13:08:12 - fund_analysis - INFO - 更新持仓: 110018
2026-03-07 13:08:12 - fund_analysis - INFO - 持仓已保存（共 9 条）
2026-03-07 13:08:12 - fund_analysis - INFO - 更新持仓: 010011
2026-03-07 13:08:12 - fund_analysis - INFO - 持仓已保存（共 9 条）
2026-03-07 13:08:12 - fund_analysis - INFO - 更新持仓: 160323
2026-03-07 13:08:12 - fund_analysis - INFO - 已加载 9 条持仓记录
2026-03-07 13:08:12 - fund_analysis - INFO - FundAnalyzer初始化完成
2026-03-07 13:08:12 - fund_analysis - INFO - 开始批量分析持仓：['008269', '017043', '000628', '007751', '021707', '007562', '110018', '010011', '160323']
2026-03-07 13:08:12 - fund_analysis - INFO - 分析持仓基金: 008269
2026-03-07 13:08:12 - fund_analysis - INFO - 开始分析基金: 008269
2026-03-07 13:08:12 - fund_analysis - INFO - 获取基金基础信息: 008269
2026-03-07 13:08:12 - fund_analysis - INFO - 获取实时行情: 008269
2026-03-07 13:08:12 - fund_analysis - INFO - 获取净值历史: 008269, 天数: 365
2026-03-07 13:08:12 - fund_analysis - INFO - 获取持仓数据: 008269
2026-03-07 13:08:12 - fund_analysis - INFO - 获取基金经理信息: 008269
2026-03-07 13:08:12 - fund_analysis - INFO - 获取业绩数据: 008269
2026-03-07 13:08:13 - fund_analysis - INFO - 获取manager成功
2026-03-07 13:08:13 - fund_analysis - INFO - 获取holding成功
2026-03-07 13:08:13 - fund_analysis - INFO - 获取quote成功
2026-03-07 13:08:13 - fund_analysis - INFO - 获取basic_info成功
2026-03-07 13:08:14 - fund_analysis - INFO - 获取performance成功
2026-03-07 13:08:20 - fund_analysis - INFO - 获取nav_history成功
2026-03-07 13:08:20 - fund_analysis - INFO - holding分析完成
2026-03-07 13:08:20 - fund_analysis - INFO - 获取基金公告: 008269
2026-03-07 13:08:20 - fund_analysis - INFO - technical分析完成
2026-03-07 13:08:20 - fund_analysis - INFO - manager分析完成
2026-03-07 13:08:20 - fund_analysis - INFO - performance分析完成
2026-03-07 13:08:22 - fund_analysis - INFO - 获取到 15 条公告
2026-03-07 13:08:22 - fund_analysis - INFO - sentiment分析完成
2026-03-07 13:08:22 - fund_analysis - INFO - 投资建议生成完成
2026-03-07 13:08:22 - fund_analysis - INFO - 获取到 0 条股票行情（push2his）
2026-03-07 13:08:22 - fund_analysis - INFO - 基金 008269 分析完成
2026-03-07 13:08:22 - fund_analysis - INFO - 分析持仓基金: 017043
2026-03-07 13:08:22 - fund_analysis - INFO - 开始分析基金: 017043
2026-03-07 13:08:22 - fund_analysis - INFO - 获取基金基础信息: 017043
2026-03-07 13:08:22 - fund_analysis - INFO - 获取实时行情: 017043
2026-03-07 13:08:22 - fund_analysis - INFO - 获取净值历史: 017043, 天数: 365
2026-03-07 13:08:22 - fund_analysis - INFO - 获取持仓数据: 017043
2026-03-07 13:08:22 - fund_analysis - INFO - 获取基金经理信息: 017043
2026-03-07 13:08:22 - fund_analysis - INFO - 获取业绩数据: 017043
2026-03-07 13:08:23 - fund_analysis - INFO - 获取quote成功
2026-03-07 13:08:23 - fund_analysis - INFO - 获取manager成功
2026-03-07 13:08:23 - fund_analysis - INFO - 获取basic_info成功
2026-03-07 13:08:23 - fund_analysis - INFO - 获取holding成功
2026-03-07 13:08:24 - fund_analysis - INFO - 获取performance成功
2026-03-07 13:08:28 - fund_analysis - INFO - 获取nav_history成功
2026-03-07 13:08:28 - fund_analysis - INFO - technical分析完成
2026-03-07 13:08:28 - fund_analysis - INFO - 获取基金公告: 017043
2026-03-07 13:08:28 - fund_analysis - INFO - manager分析完成
2026-03-07 13:08:28 - fund_analysis - INFO - holding分析完成
2026-03-07 13:08:28 - fund_analysis - INFO - performance分析完成
2026-03-07 13:08:28 - fund_analysis - INFO - 获取到 15 条公告
2026-03-07 13:08:28 - fund_analysis - INFO - sentiment分析完成
2026-03-07 13:08:28 - fund_analysis - INFO - 投资建议生成完成
2026-03-07 13:08:29 - fund_analysis - INFO - 获取到 0 条股票行情（push2his）
2026-03-07 13:08:29 - fund_analysis - INFO - 基金 017043 分析完成
2026-03-07 13:08:29 - fund_analysis - INFO - 分析持仓基金: 000628
2026-03-07 13:08:29 - fund_analysis - INFO - 开始分析基金: 000628
2026-03-07 13:08:29 - fund_analysis - INFO - 获取基金基础信息: 000628
2026-03-07 13:08:29 - fund_analysis - INFO - 获取实时行情: 000628
2026-03-07 13:08:29 - fund_analysis - INFO - 获取净值历史: 000628, 天数: 365
2026-03-07 13:08:29 - fund_analysis - INFO - 获取持仓数据: 000628
2026-03-07 13:08:29 - fund_analysis - INFO - 获取基金经理信息: 000628
2026-03-07 13:08:29 - fund_analysis - INFO - 获取业绩数据: 000628
2026-03-07 13:08:30 - fund_analysis - INFO - 获取manager成功
2026-03-07 13:08:30 - fund_analysis - INFO - 获取basic_info成功
2026-03-07 13:08:30 - fund_analysis - INFO - 获取holding成功
2026-03-07 13:08:30 - fund_analysis - INFO - 获取quote成功
2026-03-07 13:08:31 - fund_analysis - INFO - 获取performance成功
2026-03-07 13:08:36 - fund_analysis - INFO - 获取nav_history成功
2026-03-07 13:08:36 - fund_analysis - INFO - holding分析完成
2026-03-07 13:08:36 - fund_analysis - INFO - 获取基金公告: 000628
2026-03-07 13:08:36 - fund_analysis - INFO - manager分析完成
2026-03-07 13:08:36 - fund_analysis - INFO - technical分析完成
2026-03-07 13:08:36 - fund_analysis - INFO - performance分析完成
2026-03-07 13:08:36 - fund_analysis - INFO - 获取到 15 条公告
2026-03-07 13:08:36 - fund_analysis - INFO - sentiment分析完成
2026-03-07 13:08:36 - fund_analysis - INFO - 投资建议生成完成
2026-03-07 13:08:37 - fund_analysis - INFO - 获取到 0 条股票行情（push2his）
2026-03-07 13:08:37 - fund_analysis - INFO - 基金 000628 分析完成
2026-03-07 13:08:37 - fund_analysis - INFO - 分析持仓基金: 007751
2026-03-07 13:08:37 - fund_analysis - INFO - 开始分析基金: 007751
2026-03-07 13:08:37 - fund_analysis - INFO - 获取基金基础信息: 007751
2026-03-07 13:08:37 - fund_analysis - INFO - 获取实时行情: 007751
2026-03-07 13:08:37 - fund_analysis - INFO - 获取净值历史: 007751, 天数: 365
2026-03-07 13:08:37 - fund_analysis - INFO - 获取持仓数据: 007751
2026-03-07 13:08:37 - fund_analysis - INFO - 获取基金经理信息: 007751
2026-03-07 13:08:37 - fund_analysis - INFO - 获取业绩数据: 007751
2026-03-07 13:08:37 - fund_analysis - INFO - 获取manager成功
2026-03-07 13:08:37 - fund_analysis - INFO - 获取quote成功
2026-03-07 13:08:37 - fund_analysis - INFO - 获取holding成功
2026-03-07 13:08:38 - fund_analysis - INFO - 获取basic_info成功
2026-03-07 13:08:38 - fund_analysis - INFO - 获取performance成功
2026-03-07 13:08:42 - fund_analysis - INFO - 获取nav_history成功
2026-03-07 13:08:42 - fund_analysis - INFO - technical分析完成
2026-03-07 13:08:42 - fund_analysis - INFO - 获取基金公告: 007751
2026-03-07 13:08:42 - fund_analysis - INFO - holding分析完成
2026-03-07 13:08:42 - fund_analysis - INFO - manager分析完成
2026-03-07 13:08:42 - fund_analysis - INFO - performance分析完成
2026-03-07 13:08:42 - fund_analysis - INFO - 获取到 15 条公告
2026-03-07 13:08:42 - fund_analysis - INFO - sentiment分析完成
2026-03-07 13:08:42 - fund_analysis - INFO - 投资建议生成完成
2026-03-07 13:08:43 - fund_analysis - INFO - 获取到 0 条股票行情（push2his）
2026-03-07 13:08:43 - fund_analysis - INFO - 基金 007751 分析完成
2026-03-07 13:08:43 - fund_analysis - INFO - 分析持仓基金: 021707
2026-03-07 13:08:43 - fund_analysis - INFO - 开始分析基金: 021707
2026-03-07 13:08:43 - fund_analysis - INFO - 获取基金基础信息: 021707
2026-03-07 13:08:43 - fund_analysis - INFO - 获取实时行情: 021707
2026-03-07 13:08:43 - fund_analysis - INFO - 获取净值历史: 021707, 天数: 365
2026-03-07 13:08:43 - fund_analysis - INFO - 获取持仓数据: 021707
2026-03-07 13:08:43 - fund_analysis - INFO - 获取基金经理信息: 021707
2026-03-07 13:08:43 - fund_analysis - INFO - 获取业绩数据: 021707
2026-03-07 13:08:43 - fund_analysis - INFO - 获取quote成功
2026-03-07 13:08:43 - fund_analysis - INFO - 获取manager成功
2026-03-07 13:08:43 - fund_analysis - INFO - 获取basic_info成功
2026-03-07 13:08:43 - fund_analysis - INFO - 获取holding成功
2026-03-07 13:08:44 - fund_analysis - INFO - 获取performance成功
2026-03-07 13:08:48 - fund_analysis - INFO - 获取nav_history成功
2026-03-07 13:08:48 - fund_analysis - INFO - manager分析完成
2026-03-07 13:08:48 - fund_analysis - INFO - 获取基金公告: 021707
2026-03-07 13:08:48 - fund_analysis - INFO - technical分析完成
2026-03-07 13:08:48 - fund_analysis - INFO - holding分析完成
2026-03-07 13:08:48 - fund_analysis - INFO - performance分析完成
2026-03-07 13:08:48 - fund_analysis - INFO - 获取到 15 条公告
2026-03-07 13:08:48 - fund_analysis - INFO - sentiment分析完成
2026-03-07 13:08:48 - fund_analysis - INFO - 投资建议生成完成
2026-03-07 13:08:48 - fund_analysis - INFO - 基金 021707 分析完成
2026-03-07 13:08:48 - fund_analysis - INFO - 分析持仓基金: 007562
2026-03-07 13:08:48 - fund_analysis - INFO - 开始分析基金: 007562
2026-03-07 13:08:48 - fund_analysis - INFO - 获取基金基础信息: 007562
2026-03-07 13:08:48 - fund_analysis - INFO - 获取实时行情: 007562
2026-03-07 13:08:48 - fund_analysis - INFO - 获取净值历史: 007562, 天数: 365
2026-03-07 13:08:48 - fund_analysis - INFO - 获取持仓数据: 007562
2026-03-07 13:08:48 - fund_analysis - INFO - 获取基金经理信息: 007562
2026-03-07 13:08:48 - fund_analysis - INFO - 获取业绩数据: 007562
2026-03-07 13:08:48 - fund_analysis - INFO - 获取quote成功
2026-03-07 13:08:48 - fund_analysis - INFO - 获取manager成功
2026-03-07 13:08:49 - fund_analysis - INFO - 获取holding成功
2026-03-07 13:08:49 - fund_analysis - INFO - 获取basic_info成功
2026-03-07 13:08:49 - fund_analysis - INFO - 获取performance成功
2026-03-07 13:08:54 - fund_analysis - INFO - 获取nav_history成功
2026-03-07 13:08:54 - fund_analysis - INFO - technical分析完成
2026-03-07 13:08:54 - fund_analysis - INFO - 获取基金公告: 007562
2026-03-07 13:08:54 - fund_analysis - INFO - manager分析完成
2026-03-07 13:08:54 - fund_analysis - INFO - holding分析完成
2026-03-07 13:08:54 - fund_analysis - INFO - performance分析完成
2026-03-07 13:08:54 - fund_analysis - INFO - 获取到 15 条公告
2026-03-07 13:08:54 - fund_analysis - INFO - sentiment分析完成
2026-03-07 13:08:54 - fund_analysis - INFO - 投资建议生成完成
2026-03-07 13:08:54 - fund_analysis - INFO - 基金 007562 分析完成
2026-03-07 13:08:54 - fund_analysis - INFO - 分析持仓基金: 110018
2026-03-07 13:08:54 - fund_analysis - INFO - 开始分析基金: 110018
2026-03-07 13:08:54 - fund_analysis - INFO - 获取基金基础信息: 110018
2026-03-07 13:08:54 - fund_analysis - INFO - 获取实时行情: 110018
2026-03-07 13:08:54 - fund_analysis - INFO - 获取净值历史: 110018, 天数: 365
2026-03-07 13:08:54 - fund_analysis - INFO - 获取持仓数据: 110018
2026-03-07 13:08:54 - fund_analysis - INFO - 获取基金经理信息: 110018
2026-03-07 13:08:54 - fund_analysis - INFO - 获取业绩数据: 110018
2026-03-07 13:08:55 - fund_analysis - INFO - 获取quote成功
2026-03-07 13:08:55 - fund_analysis - INFO - 获取manager成功
2026-03-07 13:08:55 - fund_analysis - INFO - 获取holding成功
2026-03-07 13:08:55 - fund_analysis - INFO - 获取basic_info成功
2026-03-07 13:08:56 - fund_analysis - INFO - 获取performance成功
2026-03-07 13:09:00 - fund_analysis - INFO - 获取nav_history成功
2026-03-07 13:09:00 - fund_analysis - INFO - manager分析完成
2026-03-07 13:09:00 - fund_analysis - INFO - 获取基金公告: 110018
2026-03-07 13:09:00 - fund_analysis - INFO - technical分析完成
2026-03-07 13:09:00 - fund_analysis - INFO - holding分析完成
2026-03-07 13:09:00 - fund_analysis - INFO - performance分析完成
2026-03-07 13:09:00 - fund_analysis - INFO - 获取到 15 条公告
2026-03-07 13:09:00 - fund_analysis - INFO - sentiment分析完成
2026-03-07 13:09:00 - fund_analysis - INFO - 投资建议生成完成
2026-03-07 13:09:01 - fund_analysis - INFO - 获取到 0 条股票行情（push2his）
2026-03-07 13:09:01 - fund_analysis - INFO - 基金 110018 分析完成
2026-03-07 13:09:01 - fund_analysis - INFO - 分析持仓基金: 010011
2026-03-07 13:09:01 - fund_analysis - INFO - 开始分析基金: 010011
2026-03-07 13:09:01 - fund_analysis - INFO - 获取基金基础信息: 010011
2026-03-07 13:09:01 - fund_analysis - INFO - 获取实时行情: 010011
2026-03-07 13:09:01 - fund_analysis - INFO - 获取净值历史: 010011, 天数: 365
2026-03-07 13:09:01 - fund_analysis - INFO - 获取持仓数据: 010011
2026-03-07 13:09:01 - fund_analysis - INFO - 获取基金经理信息: 010011
2026-03-07 13:09:01 - fund_analysis - INFO - 获取业绩数据: 010011
2026-03-07 13:09:01 - fund_analysis - INFO - 获取quote成功
2026-03-07 13:09:01 - fund_analysis - INFO - 获取manager成功
2026-03-07 13:09:01 - fund_analysis - INFO - 获取holding成功
2026-03-07 13:09:01 - fund_analysis - INFO - 获取basic_info成功
2026-03-07 13:09:02 - fund_analysis - INFO - 获取performance成功
2026-03-07 13:09:06 - fund_analysis - INFO - 获取nav_history成功
2026-03-07 13:09:06 - fund_analysis - INFO - manager分析完成
2026-03-07 13:09:06 - fund_analysis - INFO - 获取基金公告: 010011
2026-03-07 13:09:06 - fund_analysis - INFO - technical分析完成
2026-03-07 13:09:06 - fund_analysis - INFO - holding分析完成
2026-03-07 13:09:06 - fund_analysis - INFO - performance分析完成
2026-03-07 13:09:06 - fund_analysis - INFO - 获取到 15 条公告
2026-03-07 13:09:06 - fund_analysis - INFO - sentiment分析完成
2026-03-07 13:09:06 - fund_analysis - INFO - 投资建议生成完成
2026-03-07 13:09:07 - fund_analysis - INFO - 获取到 0 条股票行情（push2his）
2026-03-07 13:09:07 - fund_analysis - INFO - 基金 010011 分析完成
2026-03-07 13:09:07 - fund_analysis - INFO - 分析持仓基金: 160323
2026-03-07 13:09:07 - fund_analysis - INFO - 开始分析基金: 160323
2026-03-07 13:09:07 - fund_analysis - INFO - 获取基金基础信息: 160323
2026-03-07 13:09:07 - fund_analysis - INFO - 获取实时行情: 160323
2026-03-07 13:09:07 - fund_analysis - INFO - 获取净值历史: 160323, 天数: 365
2026-03-07 13:09:07 - fund_analysis - INFO - 获取持仓数据: 160323
2026-03-07 13:09:07 - fund_analysis - INFO - 获取基金经理信息: 160323
2026-03-07 13:09:07 - fund_analysis - INFO - 获取业绩数据: 160323
2026-03-07 13:09:08 - fund_analysis - INFO - 获取manager成功
2026-03-07 13:09:08 - fund_analysis - INFO - 获取holding成功
2026-03-07 13:09:08 - fund_analysis - INFO - 获取quote成功
2026-03-07 13:09:08 - fund_analysis - INFO - 获取basic_info成功
2026-03-07 13:09:09 - fund_analysis - INFO - 获取performance成功
2026-03-07 13:09:13 - fund_analysis - INFO - 获取nav_history成功
2026-03-07 13:09:13 - fund_analysis - INFO - manager分析完成
2026-03-07 13:09:13 - fund_analysis - INFO - 获取基金公告: 160323
2026-03-07 13:09:13 - fund_analysis - INFO - technical分析完成
2026-03-07 13:09:13 - fund_analysis - INFO - holding分析完成
2026-03-07 13:09:13 - fund_analysis - INFO - performance分析完成
2026-03-07 13:09:13 - fund_analysis - INFO - 获取到 15 条公告
2026-03-07 13:09:13 - fund_analysis - INFO - sentiment分析完成
2026-03-07 13:09:13 - fund_analysis - INFO - 投资建议生成完成
2026-03-07 13:09:14 - fund_analysis - INFO - 获取到 0 条股票行情（push2his）
2026-03-07 13:09:14 - fund_analysis - INFO - 基金 160323 分析完成
2026-03-07 13:09:14 - fund_analysis - INFO - 报告已保存到: /Users/weijiahao03/AI/AI_workshop/.catpaw/skills/skills-market/fund-analysis/scripts/../reports/portfolio_analysis_20260307_130914.md
2026-03-07 13:09:23 - fund_analysis - INFO - 已加载 9 条持仓记录
2026-03-07 13:09:23 - fund_analysis - INFO - FundAnalyzer初始化完成
2026-03-07 13:09:23 - fund_analysis - INFO - 开始批量分析持仓：['008269', '017043', '000628', '007751', '021707', '007562', '110018', '010011', '160323']
2026-03-07 13:09:23 - fund_analysis - INFO - 分析持仓基金: 008269
2026-03-07 13:09:23 - fund_analysis - INFO - 开始分析基金: 008269
2026-03-07 13:09:23 - fund_analysis - INFO - 获取基金基础信息: 008269
2026-03-07 13:09:23 - fund_analysis - INFO - 获取实时行情: 008269
2026-03-07 13:09:23 - fund_analysis - INFO - 获取净值历史: 008269, 天数: 365
2026-03-07 13:09:23 - fund_analysis - INFO - 获取持仓数据: 008269
2026-03-07 13:09:23 - fund_analysis - INFO - 获取基金经理信息: 008269
2026-03-07 13:09:23 - fund_analysis - INFO - 获取业绩数据: 008269
2026-03-07 13:09:23 - fund_analysis - INFO - 获取quote成功
2026-03-07 13:09:23 - fund_analysis - INFO - 获取manager成功
2026-03-07 13:09:23 - fund_analysis - INFO - 获取holding成功
2026-03-07 13:09:24 - fund_analysis - INFO - 获取basic_info成功
2026-03-07 13:09:24 - fund_analysis - INFO - 获取performance成功
2026-03-07 13:09:29 - fund_analysis - INFO - 获取nav_history成功
2026-03-07 13:09:29 - fund_analysis - INFO - holding分析完成
2026-03-07 13:09:29 - fund_analysis - INFO - 获取基金公告: 008269
2026-03-07 13:09:29 - fund_analysis - INFO - manager分析完成
2026-03-07 13:09:29 - fund_analysis - INFO - technical分析完成
2026-03-07 13:09:29 - fund_analysis - INFO - performance分析完成
2026-03-07 13:09:29 - fund_analysis - INFO - 获取到 15 条公告
2026-03-07 13:09:29 - fund_analysis - INFO - sentiment分析完成
2026-03-07 13:09:29 - fund_analysis - INFO - 投资建议生成完成
2026-03-07 13:09:29 - fund_analysis - INFO - 获取到 0 条股票行情（push2his）
2026-03-07 13:09:29 - fund_analysis - INFO - 基金 008269 分析完成
2026-03-07 13:09:29 - fund_analysis - INFO - 分析持仓基金: 017043
2026-03-07 13:09:29 - fund_analysis - INFO - 开始分析基金: 017043
2026-03-07 13:09:29 - fund_analysis - INFO - 获取基金基础信息: 017043
2026-03-07 13:09:29 - fund_analysis - INFO - 获取实时行情: 017043
2026-03-07 13:09:29 - fund_analysis - INFO - 获取净值历史: 017043, 天数: 365
2026-03-07 13:09:29 - fund_analysis - INFO - 获取持仓数据: 017043
2026-03-07 13:09:29 - fund_analysis - INFO - 获取基金经理信息: 017043
2026-03-07 13:09:29 - fund_analysis - INFO - 获取业绩数据: 017043
2026-03-07 13:09:30 - fund_analysis - INFO - 获取basic_info成功
2026-03-07 13:09:30 - fund_analysis - INFO - 获取manager成功
2026-03-07 13:09:30 - fund_analysis - INFO - 获取quote成功
2026-03-07 13:09:30 - fund_analysis - INFO - 获取holding成功
2026-03-07 13:09:30 - fund_analysis - INFO - 获取performance成功
2026-03-07 13:09:35 - fund_analysis - INFO - 获取nav_history成功
2026-03-07 13:09:35 - fund_analysis - INFO - technical分析完成
2026-03-07 13:09:35 - fund_analysis - INFO - 获取基金公告: 017043
2026-03-07 13:09:35 - fund_analysis - INFO - holding分析完成
2026-03-07 13:09:35 - fund_analysis - INFO - manager分析完成
2026-03-07 13:09:35 - fund_analysis - INFO - performance分析完成
2026-03-07 13:09:35 - fund_analysis - INFO - 获取到 15 条公告
2026-03-07 13:09:35 - fund_analysis - INFO - sentiment分析完成
2026-03-07 13:09:35 - fund_analysis - INFO - 投资建议生成完成
2026-03-07 13:09:35 - fund_analysis - INFO - 获取到 0 条股票行情（push2his）
2026-03-07 13:09:35 - fund_analysis - INFO - 基金 017043 分析完成
2026-03-07 13:09:35 - fund_analysis - INFO - 分析持仓基金: 000628
2026-03-07 13:09:35 - fund_analysis - INFO - 开始分析基金: 000628
2026-03-07 13:09:35 - fund_analysis - INFO - 获取基金基础信息: 000628
2026-03-07 13:09:35 - fund_analysis - INFO - 获取实时行情: 000628
2026-03-07 13:09:35 - fund_analysis - INFO - 获取净值历史: 000628, 天数: 365
2026-03-07 13:09:35 - fund_analysis - INFO - 获取持仓数据: 000628
2026-03-07 13:09:35 - fund_analysis - INFO - 获取基金经理信息: 000628
2026-03-07 13:09:35 - fund_analysis - INFO - 获取业绩数据: 000628
2026-03-07 13:09:36 - fund_analysis - INFO - 获取manager成功
2026-03-07 13:09:36 - fund_analysis - INFO - 获取holding成功
2026-03-07 13:09:36 - fund_analysis - INFO - 获取quote成功
2026-03-07 13:09:36 - fund_analysis - INFO - 获取basic_info成功
2026-03-07 13:09:36 - fund_analysis - INFO - 获取performance成功
2026-03-07 13:09:41 - fund_analysis - INFO - 获取nav_history成功
2026-03-07 13:09:41 - fund_analysis - INFO - technical分析完成
2026-03-07 13:09:41 - fund_analysis - INFO - 获取基金公告: 000628
2026-03-07 13:09:41 - fund_analysis - INFO - manager分析完成
2026-03-07 13:09:41 - fund_analysis - INFO - holding分析完成
2026-03-07 13:09:41 - fund_analysis - INFO - performance分析完成
2026-03-07 13:09:41 - fund_analysis - INFO - 获取到 15 条公告
2026-03-07 13:09:41 - fund_analysis - INFO - sentiment分析完成
2026-03-07 13:09:41 - fund_analysis - INFO - 投资建议生成完成
2026-03-07 13:09:41 - fund_analysis - INFO - 获取到 0 条股票行情（push2his）
2026-03-07 13:09:41 - fund_analysis - INFO - 基金 000628 分析完成
2026-03-07 13:09:41 - fund_analysis - INFO - 分析持仓基金: 007751
2026-03-07 13:09:41 - fund_analysis - INFO - 开始分析基金: 007751
2026-03-07 13:09:41 - fund_analysis - INFO - 获取基金基础信息: 007751
2026-03-07 13:09:41 - fund_analysis - INFO - 获取实时行情: 007751
2026-03-07 13:09:41 - fund_analysis - INFO - 获取净值历史: 007751, 天数: 365
2026-03-07 13:09:41 - fund_analysis - INFO - 获取持仓数据: 007751
2026-03-07 13:09:41 - fund_analysis - INFO - 获取基金经理信息: 007751
2026-03-07 13:09:41 - fund_analysis - INFO - 获取业绩数据: 007751
2026-03-07 13:09:42 - fund_analysis - INFO - 获取quote成功
2026-03-07 13:09:42 - fund_analysis - INFO - 获取manager成功
2026-03-07 13:09:42 - fund_analysis - INFO - 获取holding成功
2026-03-07 13:09:42 - fund_analysis - INFO - 获取basic_info成功
2026-03-07 13:09:42 - fund_analysis - INFO - 获取performance成功
2026-03-07 13:09:48 - fund_analysis - INFO - 获取nav_history成功
2026-03-07 13:09:48 - fund_analysis - INFO - technical分析完成
2026-03-07 13:09:48 - fund_analysis - INFO - 获取基金公告: 007751
2026-03-07 13:09:48 - fund_analysis - INFO - manager分析完成
2026-03-07 13:09:48 - fund_analysis - INFO - holding分析完成
2026-03-07 13:09:48 - fund_analysis - INFO - performance分析完成
2026-03-07 13:09:48 - fund_analysis - INFO - 获取到 15 条公告
2026-03-07 13:09:48 - fund_analysis - INFO - sentiment分析完成
2026-03-07 13:09:48 - fund_analysis - INFO - 投资建议生成完成
2026-03-07 13:09:49 - fund_analysis - INFO - 获取到 0 条股票行情（push2his）
2026-03-07 13:09:49 - fund_analysis - INFO - 基金 007751 分析完成
2026-03-07 13:09:49 - fund_analysis - INFO - 分析持仓基金: 021707
2026-03-07 13:09:49 - fund_analysis - INFO - 开始分析基金: 021707
2026-03-07 13:09:49 - fund_analysis - INFO - 获取基金基础信息: 021707
2026-03-07 13:09:49 - fund_analysis - INFO - 获取实时行情: 021707
2026-03-07 13:09:49 - fund_analysis - INFO - 获取净值历史: 021707, 天数: 365
2026-03-07 13:09:49 - fund_analysis - INFO - 获取持仓数据: 021707
2026-03-07 13:09:49 - fund_analysis - INFO - 获取基金经理信息: 021707
2026-03-07 13:09:49 - fund_analysis - INFO - 获取业绩数据: 021707
2026-03-07 13:09:49 - fund_analysis - INFO - 获取holding成功
2026-03-07 13:09:49 - fund_analysis - INFO - 获取manager成功
2026-03-07 13:09:49 - fund_analysis - INFO - 获取quote成功
2026-03-07 13:09:49 - fund_analysis - INFO - 获取basic_info成功
2026-03-07 13:09:50 - fund_analysis - INFO - 获取performance成功
2026-03-07 13:09:55 - fund_analysis - INFO - 获取nav_history成功
2026-03-07 13:09:55 - fund_analysis - INFO - manager分析完成
2026-03-07 13:09:55 - fund_analysis - INFO - 获取基金公告: 021707
2026-03-07 13:09:55 - fund_analysis - INFO - technical分析完成
2026-03-07 13:09:55 - fund_analysis - INFO - holding分析完成
2026-03-07 13:09:55 - fund_analysis - INFO - performance分析完成
2026-03-07 13:09:55 - fund_analysis - INFO - 获取到 15 条公告
2026-03-07 13:09:55 - fund_analysis - INFO - sentiment分析完成
2026-03-07 13:09:55 - fund_analysis - INFO - 投资建议生成完成
2026-03-07 13:09:55 - fund_analysis - INFO - 基金 021707 分析完成
2026-03-07 13:09:55 - fund_analysis - INFO - 分析持仓基金: 007562
2026-03-07 13:09:55 - fund_analysis - INFO - 开始分析基金: 007562
2026-03-07 13:09:55 - fund_analysis - INFO - 获取基金基础信息: 007562
2026-03-07 13:09:55 - fund_analysis - INFO - 获取实时行情: 007562
2026-03-07 13:09:55 - fund_analysis - INFO - 获取净值历史: 007562, 天数: 365
2026-03-07 13:09:55 - fund_analysis - INFO - 获取持仓数据: 007562
2026-03-07 13:09:55 - fund_analysis - INFO - 获取基金经理信息: 007562
2026-03-07 13:09:55 - fund_analysis - INFO - 获取业绩数据: 007562
2026-03-07 13:09:56 - fund_analysis - INFO - 获取manager成功
2026-03-07 13:09:56 - fund_analysis - INFO - 获取holding成功
2026-03-07 13:09:56 - fund_analysis - INFO - 获取quote成功
2026-03-07 13:09:56 - fund_analysis - INFO - 获取basic_info成功
2026-03-07 13:09:56 - fund_analysis - INFO - 获取performance成功
2026-03-07 13:10:01 - fund_analysis - INFO - 获取nav_history成功
2026-03-07 13:10:01 - fund_analysis - INFO - technical分析完成
2026-03-07 13:10:01 - fund_analysis - INFO - 获取基金公告: 007562
2026-03-07 13:10:01 - fund_analysis - INFO - manager分析完成
2026-03-07 13:10:01 - fund_analysis - INFO - holding分析完成
2026-03-07 13:10:01 - fund_analysis - INFO - performance分析完成
2026-03-07 13:10:01 - fund_analysis - INFO - 获取到 15 条公告
2026-03-07 13:10:01 - fund_analysis - INFO - sentiment分析完成
2026-03-07 13:10:01 - fund_analysis - INFO - 投资建议生成完成
2026-03-07 13:10:01 - fund_analysis - INFO - 基金 007562 分析完成
2026-03-07 13:10:01 - fund_analysis - INFO - 分析持仓基金: 110018
2026-03-07 13:10:01 - fund_analysis - INFO - 开始分析基金: 110018
2026-03-07 13:10:01 - fund_analysis - INFO - 获取基金基础信息: 110018
2026-03-07 13:10:01 - fund_analysis - INFO - 获取实时行情: 110018
2026-03-07 13:10:01 - fund_analysis - INFO - 获取净值历史: 110018, 天数: 365
2026-03-07 13:10:01 - fund_analysis - INFO - 获取持仓数据: 110018
2026-03-07 13:10:01 - fund_analysis - INFO - 获取基金经理信息: 110018
2026-03-07 13:10:01 - fund_analysis - INFO - 获取业绩数据: 110018
2026-03-07 13:10:02 - fund_analysis - INFO - 获取manager成功
2026-03-07 13:10:02 - fund_analysis - INFO - 获取quote成功
2026-03-07 13:10:02 - fund_analysis - INFO - 获取holding成功
2026-03-07 13:10:02 - fund_analysis - INFO - 获取basic_info成功
2026-03-07 13:10:02 - fund_analysis - INFO - 获取performance成功
2026-03-07 13:10:07 - fund_analysis - INFO - 获取nav_history成功
2026-03-07 13:10:07 - fund_analysis - INFO - holding分析完成
2026-03-07 13:10:07 - fund_analysis - INFO - 获取基金公告: 110018
2026-03-07 13:10:07 - fund_analysis - INFO - manager分析完成
2026-03-07 13:10:07 - fund_analysis - INFO - technical分析完成
2026-03-07 13:10:07 - fund_analysis - INFO - performance分析完成
2026-03-07 13:10:07 - fund_analysis - INFO - 获取到 15 条公告
2026-03-07 13:10:07 - fund_analysis - INFO - sentiment分析完成
2026-03-07 13:10:07 - fund_analysis - INFO - 投资建议生成完成
2026-03-07 13:10:08 - fund_analysis - INFO - 获取到 0 条股票行情（push2his）
2026-03-07 13:10:08 - fund_analysis - INFO - 基金 110018 分析完成
2026-03-07 13:10:08 - fund_analysis - INFO - 分析持仓基金: 010011
2026-03-07 13:10:08 - fund_analysis - INFO - 开始分析基金: 010011
2026-03-07 13:10:08 - fund_analysis - INFO - 获取基金基础信息: 010011
2026-03-07 13:10:08 - fund_analysis - INFO - 获取实时行情: 010011
2026-03-07 13:10:08 - fund_analysis - INFO - 获取净值历史: 010011, 天数: 365
2026-03-07 13:10:08 - fund_analysis - INFO - 获取持仓数据: 010011
2026-03-07 13:10:08 - fund_analysis - INFO - 获取基金经理信息: 010011
2026-03-07 13:10:08 - fund_analysis - INFO - 获取业绩数据: 010011
2026-03-07 13:10:08 - fund_analysis - INFO - 获取manager成功
2026-03-07 13:10:08 - fund_analysis - INFO - 获取holding成功
2026-03-07 13:10:08 - fund_analysis - INFO - 获取quote成功
2026-03-07 13:10:08 - fund_analysis - INFO - 获取basic_info成功
2026-03-07 13:10:09 - fund_analysis - INFO - 获取performance成功
2026-03-07 13:10:14 - fund_analysis - INFO - 获取nav_history成功
2026-03-07 13:10:14 - fund_analysis - INFO - technical分析完成
2026-03-07 13:10:14 - fund_analysis - INFO - 获取基金公告: 010011
2026-03-07 13:10:14 - fund_analysis - INFO - holding分析完成
2026-03-07 13:10:14 - fund_analysis - INFO - manager分析完成
2026-03-07 13:10:14 - fund_analysis - INFO - performance分析完成
2026-03-07 13:10:14 - fund_analysis - INFO - 获取到 15 条公告
2026-03-07 13:10:14 - fund_analysis - INFO - sentiment分析完成
2026-03-07 13:10:14 - fund_analysis - INFO - 投资建议生成完成
2026-03-07 13:10:14 - fund_analysis - INFO - 获取到 0 条股票行情（push2his）
2026-03-07 13:10:14 - fund_analysis - INFO - 基金 010011 分析完成
2026-03-07 13:10:14 - fund_analysis - INFO - 分析持仓基金: 160323
2026-03-07 13:10:14 - fund_analysis - INFO - 开始分析基金: 160323
2026-03-07 13:10:14 - fund_analysis - INFO - 获取基金基础信息: 160323
2026-03-07 13:10:14 - fund_analysis - INFO - 获取实时行情: 160323
2026-03-07 13:10:14 - fund_analysis - INFO - 获取净值历史: 160323, 天数: 365
2026-03-07 13:10:14 - fund_analysis - INFO - 获取持仓数据: 160323
2026-03-07 13:10:14 - fund_analysis - INFO - 获取基金经理信息: 160323
2026-03-07 13:10:14 - fund_analysis - INFO - 获取业绩数据: 160323
2026-03-07 13:10:15 - fund_analysis - INFO - 获取basic_info成功
2026-03-07 13:10:15 - fund_analysis - INFO - 获取quote成功
2026-03-07 13:10:15 - fund_analysis - INFO - 获取holding成功
2026-03-07 13:10:15 - fund_analysis - INFO - 获取manager成功
2026-03-07 13:10:15 - fund_analysis - INFO - 获取performance成功
2026-03-07 13:10:24 - fund_analysis - WARNING - 获取第7页净值历史失败: HTTPSConnectionPool(host='danjuanfunds.com', port=443): Max retries exceeded with url: /djapi/fund/nav/history/160323?page=7&size=50 (Caused by ProxyError('Cannot connect to proxy.', ConnectionResetError(54, 'Connection reset by peer')))
2026-03-07 13:10:24 - fund_analysis - INFO - 获取nav_history成功
2026-03-07 13:10:24 - fund_analysis - INFO - holding分析完成
2026-03-07 13:10:24 - fund_analysis - INFO - 获取基金公告: 160323
2026-03-07 13:10:24 - fund_analysis - INFO - manager分析完成
2026-03-07 13:10:24 - fund_analysis - INFO - technical分析完成
2026-03-07 13:10:24 - fund_analysis - INFO - performance分析完成
2026-03-07 13:10:24 - fund_analysis - INFO - 获取到 15 条公告
2026-03-07 13:10:24 - fund_analysis - INFO - sentiment分析完成
2026-03-07 13:10:24 - fund_analysis - INFO - 投资建议生成完成
2026-03-07 13:10:24 - fund_analysis - INFO - 获取到 0 条股票行情（push2his）
2026-03-07 13:10:24 - fund_analysis - INFO - 基金 160323 分析完成
2026-03-07 13:10:24 - fund_analysis - INFO - 报告已保存到: /Users/weijiahao03/AI/AI_workshop/.catpaw/skills/skills-market/fund-analysis/scripts/../reports/portfolio_analysis_20260307_131024.md
